app/build/outputs/logs/manifest-merger-debug-report.txt
-- Merging decision tree log ---
manifest
ADDED from src\main\AndroidManifest.xml:2:1-370:12
	package
		ADDED from src\main\AndroidManifest.xml:3:5-29
		INJECTED from src\main\AndroidManifest.xml
		INJECTED from src\main\AndroidManifest.xml
	android:versionName
		ADDED from src\main\AndroidManifest.xml:5:5-32
		INJECTED from src\main\AndroidManifest.xml
		INJECTED from src\main\AndroidManifest.xml
	android:versionCode
		ADDED from src\main\AndroidManifest.xml:4:5-28
		INJECTED from src\main\AndroidManifest.xml
		INJECTED from src\main\AndroidManifest.xml
	xmlns:android
		ADDED from src\main\AndroidManifest.xml:2:11-69
uses-sdk
ADDED from src\main\AndroidManifest.xml:7:5-9:41
MERGED from [com.android.support:appcompat-v7:23.1.1] AndroidManifest.xml:20:5-43
MERGED from [com.android.support:support-v4:23.1.1] AndroidManifest.xml:20:5-43
MERGED from [com.google.android.gms:play-services:6.1.71] AndroidManifest.xml:15:5-42
MERGED from [com.android.support:support-v4:23.1.1] AndroidManifest.xml:20:5-43
MERGED from [com.facebook.android:facebook-android-sdk:3.23.1] AndroidManifest.xml:20:5-22:41
MERGED from [com.android.support:support-v4:23.1.1] AndroidManifest.xml:20:5-43
MERGED from [ch.acra:acra:4.7.0] AndroidManifest.xml:37:5-72
MERGED from [com.android.support:support-v4:23.1.1] AndroidManifest.xml:20:5-43
	android:targetSdkVersion
		ADDED from src\main\AndroidManifest.xml:9:9-38
		INJECTED from src\main\AndroidManifest.xml
		INJECTED from src\main\AndroidManifest.xml
	android:minSdkVersion
		ADDED from src\main\AndroidManifest.xml:8:9-35
		INJECTED from src\main\AndroidManifest.xml
		INJECTED from src\main\AndroidManifest.xml
permission#com.chalkboard.permission.MAPS_RECEIVE
ADDED from src\main\AndroidManifest.xml:11:5-13:47
	android:protectionLevel
		ADDED from src\main\AndroidManifest.xml:13:9-44
	android:name
		ADDED from src\main\AndroidManifest.xml:12:9-62
uses-feature#0x00020000
ADDED from src\main\AndroidManifest.xml:15:5-17:35
	android:glEsVersion
		ADDED from src\main\AndroidManifest.xml:16:9-41
	android:required
		ADDED from src\main\AndroidManifest.xml:17:9-32
uses-permission#android.permission.INTERNET
ADDED from src\main\AndroidManifest.xml:19:5-67
	android:name
		ADDED from src\main\AndroidManifest.xml:19:22-64
uses-permission#android.permission.ACCESS_NETWORK_STATE
ADDED from src\main\AndroidManifest.xml:20:5-79
	android:name
		ADDED from src\main\AndroidManifest.xml:20:22-76
uses-permission#android.permission.WRITE_EXTERNAL_STORAGE
ADDED from src\main\AndroidManifest.xml:21:5-81
	android:name
		ADDED from src\main\AndroidManifest.xml:21:22-78
uses-permission#android.permission.READ_EXTERNAL_STORAGE
ADDED from src\main\AndroidManifest.xml:22:5-80
	android:name
		ADDED from src\main\AndroidManifest.xml:22:22-77
uses-permission#android.permission.ACCESS_GPS
ADDED from src\main\AndroidManifest.xml:23:5-69
	android:name
		ADDED from src\main\AndroidManifest.xml:23:22-66
uses-permission#android.permission.ACCESS_FINE_LOCATION
ADDED from src\main\AndroidManifest.xml:24:5-79
	android:name
		ADDED from src\main\AndroidManifest.xml:24:22-76
uses-permission#android.permission.ACCESS_COARSE_LOCATION
ADDED from src\main\AndroidManifest.xml:25:5-81
	android:name
		ADDED from src\main\AndroidManifest.xml:25:22-78
uses-permission#android.permission.READ_PHONE_STATE
ADDED from src\main\AndroidManifest.xml:26:5-75
	android:name
		ADDED from src\main\AndroidManifest.xml:26:22-72
uses-permission#android.permission.GET_ACCOUNTS
ADDED from src\main\AndroidManifest.xml:27:5-71
	android:name
		ADDED from src\main\AndroidManifest.xml:27:22-68
uses-permission#android.permission.USE_CREDENTIALS
ADDED from src\main\AndroidManifest.xml:28:5-74
	android:name
		ADDED from src\main\AndroidManifest.xml:28:22-71
permission#com.chalkboard.permission.C2D_MESSAGE
ADDED from src\main\AndroidManifest.xml:32:5-34:47
	android:protectionLevel
		ADDED from src\main\AndroidManifest.xml:34:9-44
	android:name
		ADDED from src\main\AndroidManifest.xml:33:9-61
uses-permission#com.chalkboard.permission.C2D_MESSAGE
ADDED from src\main\AndroidManifest.xml:36:5-77
	android:name
		ADDED from src\main\AndroidManifest.xml:36:22-74
uses-permission#com.google.android.c2dm.permission.RECEIVE
ADDED from src\main\AndroidManifest.xml:37:5-82
	android:name
		ADDED from src\main\AndroidManifest.xml:37:22-79
uses-permission#android.permission.WAKE_LOCK
ADDED from src\main\AndroidManifest.xml:40:5-68
	android:name
		ADDED from src\main\AndroidManifest.xml:40:22-65
uses-permission#android.permission.VIBRATE
ADDED from src\main\AndroidManifest.xml:42:5-66
	android:name
		ADDED from src\main\AndroidManifest.xml:42:22-63
application
ADDED from src\main\AndroidManifest.xml:45:5-368:19
MERGED from [com.android.support:appcompat-v7:23.1.1] AndroidManifest.xml:22:5-20
MERGED from [com.android.support:support-v4:23.1.1] AndroidManifest.xml:22:5-20
MERGED from [com.google.android.gms:play-services:6.1.71] AndroidManifest.xml:16:5-19
MERGED from [com.android.support:support-v4:23.1.1] AndroidManifest.xml:22:5-20
MERGED from [com.facebook.android:facebook-android-sdk:3.23.1] AndroidManifest.xml:24:5-20
MERGED from [com.android.support:support-v4:23.1.1] AndroidManifest.xml:22:5-20
MERGED from [com.android.support:support-v4:23.1.1] AndroidManifest.xml:22:5-20
	android:label
		ADDED from src\main\AndroidManifest.xml:49:9-41
	android:allowBackup
		ADDED from src\main\AndroidManifest.xml:47:9-35
	android:icon
		ADDED from src\main\AndroidManifest.xml:48:9-42
	android:theme
		ADDED from src\main\AndroidManifest.xml:50:9-40
	android:name
		ADDED from src\main\AndroidManifest.xml:46:9-60
meta-data#com.facebook.sdk.ApplicationId
ADDED from src\main\AndroidManifest.xml:51:9-53:46
	android:value
		ADDED from src\main\AndroidManifest.xml:53:13-43
	android:name
		ADDED from src\main\AndroidManifest.xml:52:13-58
activity#com.chalkboard.SplashActivity
ADDED from src\main\AndroidManifest.xml:55:9-66:20
	android:screenOrientation
		ADDED from src\main\AndroidManifest.xml:59:13-49
	android:label
		ADDED from src\main\AndroidManifest.xml:58:13-45
	android:windowSoftInputMode
		ADDED from src\main\AndroidManifest.xml:60:13-68
	android:configChanges
		ADDED from src\main\AndroidManifest.xml:57:13-68
	android:name
		ADDED from src\main\AndroidManifest.xml:56:13-43
intent-filter#android.intent.action.MAIN+android.intent.category.LAUNCHER
ADDED from src\main\AndroidManifest.xml:61:13-65:29
action#android.intent.action.MAIN
ADDED from src\main\AndroidManifest.xml:62:17-69
	android:name
		ADDED from src\main\AndroidManifest.xml:62:25-66
category#android.intent.category.LAUNCHER
ADDED from src\main\AndroidManifest.xml:64:17-77
	android:name
		ADDED from src\main\AndroidManifest.xml:64:27-74
activity#com.chalkboard.GalleryView
ADDED from src\main\AndroidManifest.xml:69:10-75:20
	android:screenOrientation
		ADDED from src\main\AndroidManifest.xml:73:13-49
	android:label
		ADDED from src\main\AndroidManifest.xml:72:13-45
	android:windowSoftInputMode
		ADDED from src\main\AndroidManifest.xml:74:13-54
	android:configChanges
		ADDED from src\main\AndroidManifest.xml:71:13-68
	android:name
		ADDED from src\main\AndroidManifest.xml:70:13-54
activity#com.chalkboard.ScreenSlidePagerActivity
ADDED from src\main\AndroidManifest.xml:78:13-84:20
	android:screenOrientation
		ADDED from src\main\AndroidManifest.xml:82:13-49
	android:label
		ADDED from src\main\AndroidManifest.xml:81:13-45
	android:windowSoftInputMode
		ADDED from src\main\AndroidManifest.xml:83:13-54
	android:configChanges
		ADDED from src\main\AndroidManifest.xml:80:13-68
	android:name
		ADDED from src\main\AndroidManifest.xml:79:13-67
activity#com.chalkboard.MainActivity
ADDED from src\main\AndroidManifest.xml:87:9-93:20
	android:screenOrientation
		ADDED from src\main\AndroidManifest.xml:91:13-49
	android:label
		ADDED from src\main\AndroidManifest.xml:90:13-45
	android:windowSoftInputMode
		ADDED from src\main\AndroidManifest.xml:92:13-68
	android:configChanges
		ADDED from src\main\AndroidManifest.xml:89:13-68
	android:name
		ADDED from src\main\AndroidManifest.xml:88:13-41
activity#com.chalkboard.Setting_Activity
ADDED from src\main\AndroidManifest.xml:94:9-100:20
	android:screenOrientation
		ADDED from src\main\AndroidManifest.xml:98:13-49
	android:label
		ADDED from src\main\AndroidManifest.xml:97:13-45
	android:windowSoftInputMode
		ADDED from src\main\AndroidManifest.xml:99:13-68
	android:configChanges
		ADDED from src\main\AndroidManifest.xml:96:13-68
	android:name
		ADDED from src\main\AndroidManifest.xml:95:13-45
activity#com.chalkboard.ForgotPassword_Activity
ADDED from src\main\AndroidManifest.xml:101:9-108:20
	android:screenOrientation
		ADDED from src\main\AndroidManifest.xml:105:13-49
	android:label
		ADDED from src\main\AndroidManifest.xml:104:13-45
	android:windowSoftInputMode
		ADDED from src\main\AndroidManifest.xml:107:13-68
	android:configChanges
		ADDED from src\main\AndroidManifest.xml:103:13-68
	android:theme
		ADDED from src\main\AndroidManifest.xml:106:13-56
	android:name
		ADDED from src\main\AndroidManifest.xml:102:13-52
activity#com.chalkboard.Term_Privacy_Activity
ADDED from src\main\AndroidManifest.xml:109:9-115:20
	android:screenOrientation
		ADDED from src\main\AndroidManifest.xml:113:13-49
	android:label
		ADDED from src\main\AndroidManifest.xml:112:13-45
	android:windowSoftInputMode
		ADDED from src\main\AndroidManifest.xml:114:13-68
	android:configChanges
		ADDED from src\main\AndroidManifest.xml:111:13-68
	android:name
		ADDED from src\main\AndroidManifest.xml:110:13-50
activity#com.chalkboard.recruiter.MyJobPreviewActivity
ADDED from src\main\AndroidManifest.xml:116:9-122:20
	android:screenOrientation
		ADDED from src\main\AndroidManifest.xml:120:13-49
	android:label
		ADDED from src\main\AndroidManifest.xml:119:13-45
	android:windowSoftInputMode
		ADDED from src\main\AndroidManifest.xml:121:13-68
	android:configChanges
		ADDED from src\main\AndroidManifest.xml:118:13-68
	android:name
		ADDED from src\main\AndroidManifest.xml:117:13-73
activity#com.facebook.LoginActivity
ADDED from src\main\AndroidManifest.xml:123:9-63
	android:name
		ADDED from src\main\AndroidManifest.xml:123:19-60
activity#com.chalkboard.LandingPage_Activity
ADDED from src\main\AndroidManifest.xml:124:9-130:20
	android:screenOrientation
		ADDED from src\main\AndroidManifest.xml:128:13-49
	android:label
		ADDED from src\main\AndroidManifest.xml:127:13-45
	android:windowSoftInputMode
		ADDED from src\main\AndroidManifest.xml:129:13-68
	android:configChanges
		ADDED from src\main\AndroidManifest.xml:126:13-68
	android:name
		ADDED from src\main\AndroidManifest.xml:125:13-49
activity#com.chalkboard.Login_Activity
ADDED from src\main\AndroidManifest.xml:131:9-147:20
	android:screenOrientation
		ADDED from src\main\AndroidManifest.xml:135:13-49
	android:label
		ADDED from src\main\AndroidManifest.xml:134:13-45
	android:windowSoftInputMode
		ADDED from src\main\AndroidManifest.xml:136:13-64
	android:configChanges
		ADDED from src\main\AndroidManifest.xml:133:13-68
	android:name
		ADDED from src\main\AndroidManifest.xml:132:13-43
intent-filter#android.intent.action.VIEW+android.intent.category.BROWSABLE+android.intent.category.DEFAULT
ADDED from src\main\AndroidManifest.xml:137:13-146:29
action#android.intent.action.VIEW
ADDED from src\main\AndroidManifest.xml:138:17-69
	android:name
		ADDED from src\main\AndroidManifest.xml:138:25-66
category#android.intent.category.DEFAULT
ADDED from src\main\AndroidManifest.xml:140:17-76
	android:name
		ADDED from src\main\AndroidManifest.xml:140:27-73
category#android.intent.category.BROWSABLE
ADDED from src\main\AndroidManifest.xml:141:17-78
	android:name
		ADDED from src\main\AndroidManifest.xml:141:27-75
data
ADDED from src\main\AndroidManifest.xml:143:17-145:46
	android:host
		ADDED from src\main\AndroidManifest.xml:144:21-46
	android:scheme
		ADDED from src\main\AndroidManifest.xml:145:21-43
activity#com.chalkboard.SignUp_Activity
ADDED from src\main\AndroidManifest.xml:148:9-154:20
	android:screenOrientation
		ADDED from src\main\AndroidManifest.xml:152:13-49
	android:label
		ADDED from src\main\AndroidManifest.xml:151:13-45
	android:windowSoftInputMode
		ADDED from src\main\AndroidManifest.xml:153:13-64
	android:configChanges
		ADDED from src\main\AndroidManifest.xml:150:13-68
	android:name
		ADDED from src\main\AndroidManifest.xml:149:13-44
activity#com.chalkboard.teacher.TeacherProfileViewActivity
ADDED from src\main\AndroidManifest.xml:155:9-161:20
	android:screenOrientation
		ADDED from src\main\AndroidManifest.xml:159:13-49
	android:label
		ADDED from src\main\AndroidManifest.xml:158:13-45
	android:windowSoftInputMode
		ADDED from src\main\AndroidManifest.xml:160:13-68
	android:configChanges
		ADDED from src\main\AndroidManifest.xml:157:13-68
	android:name
		ADDED from src\main\AndroidManifest.xml:156:13-77
activity#com.chalkboard.teacher.TeacherProfileEditActivity
ADDED from src\main\AndroidManifest.xml:162:9-168:20
	android:screenOrientation
		ADDED from src\main\AndroidManifest.xml:166:13-49
	android:label
		ADDED from src\main\AndroidManifest.xml:165:13-45
	android:windowSoftInputMode
		ADDED from src\main\AndroidManifest.xml:167:13-64
	android:configChanges
		ADDED from src\main\AndroidManifest.xml:164:13-68
	android:name
		ADDED from src\main\AndroidManifest.xml:163:13-77
activity#com.chalkboard.teacher.JobPagerActivity
ADDED from src\main\AndroidManifest.xml:169:9-175:20
	android:screenOrientation
		ADDED from src\main\AndroidManifest.xml:173:13-49
	android:label
		ADDED from src\main\AndroidManifest.xml:172:13-45
	android:windowSoftInputMode
		ADDED from src\main\AndroidManifest.xml:174:13-68
	android:configChanges
		ADDED from src\main\AndroidManifest.xml:171:13-68
	android:name
		ADDED from src\main\AndroidManifest.xml:170:13-67
activity#com.chalkboard.teacher.TeacherChatBoardActivity
ADDED from src\main\AndroidManifest.xml:176:9-182:20
	android:screenOrientation
		ADDED from src\main\AndroidManifest.xml:180:13-49
	android:label
		ADDED from src\main\AndroidManifest.xml:179:13-45
	android:windowSoftInputMode
		ADDED from src\main\AndroidManifest.xml:181:13-67
	android:configChanges
		ADDED from src\main\AndroidManifest.xml:178:13-68
	android:name
		ADDED from src\main\AndroidManifest.xml:177:13-75
activity#com.chalkboard.teacher.CountryList_Activity
ADDED from src\main\AndroidManifest.xml:183:9-190:20
	android:screenOrientation
		ADDED from src\main\AndroidManifest.xml:187:13-49
	android:label
		ADDED from src\main\AndroidManifest.xml:186:13-45
	android:windowSoftInputMode
		ADDED from src\main\AndroidManifest.xml:189:13-68
	android:configChanges
		ADDED from src\main\AndroidManifest.xml:185:13-68
	android:theme
		ADDED from src\main\AndroidManifest.xml:188:13-76
	android:name
		ADDED from src\main\AndroidManifest.xml:184:13-71
activity#com.chalkboard.teacher.MultipleCounrtySelect_Activity
ADDED from src\main\AndroidManifest.xml:191:9-198:20
	android:screenOrientation
		ADDED from src\main\AndroidManifest.xml:195:13-49
	android:label
		ADDED from src\main\AndroidManifest.xml:194:13-45
	android:windowSoftInputMode
		ADDED from src\main\AndroidManifest.xml:197:13-68
	android:configChanges
		ADDED from src\main\AndroidManifest.xml:193:13-68
	android:theme
		ADDED from src\main\AndroidManifest.xml:196:13-76
	android:name
		ADDED from src\main\AndroidManifest.xml:192:13-81
activity#com.chalkboard.teacher.JobTypeListActivity
ADDED from src\main\AndroidManifest.xml:199:9-206:20
	android:screenOrientation
		ADDED from src\main\AndroidManifest.xml:203:13-49
	android:label
		ADDED from src\main\AndroidManifest.xml:202:13-45
	android:windowSoftInputMode
		ADDED from src\main\AndroidManifest.xml:205:13-68
	android:configChanges
		ADDED from src\main\AndroidManifest.xml:201:13-68
	android:theme
		ADDED from src\main\AndroidManifest.xml:204:13-56
	android:name
		ADDED from src\main\AndroidManifest.xml:200:13-70
activity#com.chalkboard.teacher.Experience_Activity
ADDED from src\main\AndroidManifest.xml:207:9-214:20
	android:screenOrientation
		ADDED from src\main\AndroidManifest.xml:211:13-49
	android:label
		ADDED from src\main\AndroidManifest.xml:210:13-45
	android:windowSoftInputMode
		ADDED from src\main\AndroidManifest.xml:213:13-68
	android:configChanges
		ADDED from src\main\AndroidManifest.xml:209:13-68
	android:theme
		ADDED from src\main\AndroidManifest.xml:212:13-56
	android:name
		ADDED from src\main\AndroidManifest.xml:208:13-70
activity#com.chalkboard.teacher.Certificate_Type
ADDED from src\main\AndroidManifest.xml:215:9-222:20
	android:screenOrientation
		ADDED from src\main\AndroidManifest.xml:219:13-49
	android:label
		ADDED from src\main\AndroidManifest.xml:218:13-45
	android:windowSoftInputMode
		ADDED from src\main\AndroidManifest.xml:221:13-68
	android:configChanges
		ADDED from src\main\AndroidManifest.xml:217:13-68
	android:theme
		ADDED from src\main\AndroidManifest.xml:220:13-56
	android:name
		ADDED from src\main\AndroidManifest.xml:216:13-67
activity#com.chalkboard.recruiter.TeachersListActivity
ADDED from src\main\AndroidManifest.xml:223:9-229:20
	android:screenOrientation
		ADDED from src\main\AndroidManifest.xml:227:13-49
	android:label
		ADDED from src\main\AndroidManifest.xml:226:13-45
	android:windowSoftInputMode
		ADDED from src\main\AndroidManifest.xml:228:13-68
	android:configChanges
		ADDED from src\main\AndroidManifest.xml:225:13-68
	android:name
		ADDED from src\main\AndroidManifest.xml:224:13-73
activity#com.chalkboard.recruiter.RecruiterProfileEditActivity
ADDED from src\main\AndroidManifest.xml:230:9-236:20
	android:screenOrientation
		ADDED from src\main\AndroidManifest.xml:234:13-49
	android:label
		ADDED from src\main\AndroidManifest.xml:233:13-45
	android:windowSoftInputMode
		ADDED from src\main\AndroidManifest.xml:235:13-68
	android:configChanges
		ADDED from src\main\AndroidManifest.xml:232:13-68
	android:name
		ADDED from src\main\AndroidManifest.xml:231:13-81
activity#com.chalkboard.recruiter.Recruter_Profile_Activity
ADDED from src\main\AndroidManifest.xml:237:9-243:20
	android:screenOrientation
		ADDED from src\main\AndroidManifest.xml:241:13-49
	android:label
		ADDED from src\main\AndroidManifest.xml:240:13-45
	android:windowSoftInputMode
		ADDED from src\main\AndroidManifest.xml:242:13-68
	android:configChanges
		ADDED from src\main\AndroidManifest.xml:239:13-68
	android:name
		ADDED from src\main\AndroidManifest.xml:238:13-78
activity#com.chalkboard.recruiter.TeacherPagerActivity
ADDED from src\main\AndroidManifest.xml:244:9-250:20
	android:screenOrientation
		ADDED from src\main\AndroidManifest.xml:248:13-49
	android:label
		ADDED from src\main\AndroidManifest.xml:247:13-45
	android:windowSoftInputMode
		ADDED from src\main\AndroidManifest.xml:249:13-68
	android:configChanges
		ADDED from src\main\AndroidManifest.xml:246:13-68
	android:name
		ADDED from src\main\AndroidManifest.xml:245:13-73
activity#com.chalkboard.recruiter.MyJobsPagerActivity
ADDED from src\main\AndroidManifest.xml:251:9-257:20
	android:screenOrientation
		ADDED from src\main\AndroidManifest.xml:255:13-49
	android:label
		ADDED from src\main\AndroidManifest.xml:254:13-45
	android:windowSoftInputMode
		ADDED from src\main\AndroidManifest.xml:256:13-68
	android:configChanges
		ADDED from src\main\AndroidManifest.xml:253:13-68
	android:name
		ADDED from src\main\AndroidManifest.xml:252:13-72
activity#com.chalkboard.recruiter.Teacher_Create_New_Job
ADDED from src\main\AndroidManifest.xml:258:9-265:20
	android:screenOrientation
		ADDED from src\main\AndroidManifest.xml:263:13-49
	android:label
		ADDED from src\main\AndroidManifest.xml:261:13-45
	android:launchMode
		ADDED from src\main\AndroidManifest.xml:262:13-44
	android:windowSoftInputMode
		ADDED from src\main\AndroidManifest.xml:264:13-64
	android:configChanges
		ADDED from src\main\AndroidManifest.xml:260:13-68
	android:name
		ADDED from src\main\AndroidManifest.xml:259:13-75
activity#com.chalkboard.recruiter.EditJobActivity
ADDED from src\main\AndroidManifest.xml:267:10-274:20
	android:screenOrientation
		ADDED from src\main\AndroidManifest.xml:272:13-49
	android:label
		ADDED from src\main\AndroidManifest.xml:270:13-45
	android:launchMode
		ADDED from src\main\AndroidManifest.xml:271:13-44
	android:windowSoftInputMode
		ADDED from src\main\AndroidManifest.xml:273:13-68
	android:configChanges
		ADDED from src\main\AndroidManifest.xml:269:13-68
	android:name
		ADDED from src\main\AndroidManifest.xml:268:13-68
activity#com.chalkboard.teacher.SelectJobTypeActivity
ADDED from src\main\AndroidManifest.xml:276:9-283:20
	android:screenOrientation
		ADDED from src\main\AndroidManifest.xml:280:13-49
	android:label
		ADDED from src\main\AndroidManifest.xml:279:13-45
	android:windowSoftInputMode
		ADDED from src\main\AndroidManifest.xml:282:13-68
	android:configChanges
		ADDED from src\main\AndroidManifest.xml:278:13-68
	android:theme
		ADDED from src\main\AndroidManifest.xml:281:13-76
	android:name
		ADDED from src\main\AndroidManifest.xml:277:13-72
activity#com.chalkboard.teacher.SelectJobStartDateActivity
ADDED from src\main\AndroidManifest.xml:284:9-291:20
	android:screenOrientation
		ADDED from src\main\AndroidManifest.xml:288:13-49
	android:label
		ADDED from src\main\AndroidManifest.xml:287:13-45
	android:windowSoftInputMode
		ADDED from src\main\AndroidManifest.xml:290:13-68
	android:configChanges
		ADDED from src\main\AndroidManifest.xml:286:13-68
	android:theme
		ADDED from src\main\AndroidManifest.xml:289:13-76
	android:name
		ADDED from src\main\AndroidManifest.xml:285:13-77
activity#com.chalkboard.teacher.SelectJobLocationActivity
ADDED from src\main\AndroidManifest.xml:292:9-299:20
	android:screenOrientation
		ADDED from src\main\AndroidManifest.xml:296:13-49
	android:label
		ADDED from src\main\AndroidManifest.xml:295:13-45
	android:windowSoftInputMode
		ADDED from src\main\AndroidManifest.xml:298:13-68
	android:configChanges
		ADDED from src\main\AndroidManifest.xml:294:13-68
	android:theme
		ADDED from src\main\AndroidManifest.xml:297:13-76
	android:name
		ADDED from src\main\AndroidManifest.xml:293:13-76
activity#com.chalkboard.Feedback_Activity
ADDED from src\main\AndroidManifest.xml:300:9-306:20
	android:screenOrientation
		ADDED from src\main\AndroidManifest.xml:304:13-49
	android:label
		ADDED from src\main\AndroidManifest.xml:303:13-45
	android:windowSoftInputMode
		ADDED from src\main\AndroidManifest.xml:305:13-68
	android:configChanges
		ADDED from src\main\AndroidManifest.xml:302:13-68
	android:name
		ADDED from src\main\AndroidManifest.xml:301:13-46
activity#com.chalkboard.WriteReview
ADDED from src\main\AndroidManifest.xml:307:9-313:20
	android:screenOrientation
		ADDED from src\main\AndroidManifest.xml:311:13-49
	android:label
		ADDED from src\main\AndroidManifest.xml:310:13-45
	android:windowSoftInputMode
		ADDED from src\main\AndroidManifest.xml:312:13-68
	android:configChanges
		ADDED from src\main\AndroidManifest.xml:309:13-68
	android:name
		ADDED from src\main\AndroidManifest.xml:308:13-40
activity#com.chalkboard.Change_Password
ADDED from src\main\AndroidManifest.xml:314:9-320:20
	android:screenOrientation
		ADDED from src\main\AndroidManifest.xml:318:13-49
	android:label
		ADDED from src\main\AndroidManifest.xml:317:13-45
	android:windowSoftInputMode
		ADDED from src\main\AndroidManifest.xml:319:13-68
	android:configChanges
		ADDED from src\main\AndroidManifest.xml:316:13-68
	android:name
		ADDED from src\main\AndroidManifest.xml:315:13-44
activity#com.chalkboard.WebView_Activity
ADDED from src\main\AndroidManifest.xml:321:9-327:20
	android:screenOrientation
		ADDED from src\main\AndroidManifest.xml:325:13-49
	android:label
		ADDED from src\main\AndroidManifest.xml:324:13-45
	android:windowSoftInputMode
		ADDED from src\main\AndroidManifest.xml:326:13-68
	android:configChanges
		ADDED from src\main\AndroidManifest.xml:323:13-68
	android:name
		ADDED from src\main\AndroidManifest.xml:322:13-45
activity#com.chalkboard.WebViewActivity
ADDED from src\main\AndroidManifest.xml:328:9-337:20
	android:label
		ADDED from src\main\AndroidManifest.xml:330:13-45
	android:name
		ADDED from src\main\AndroidManifest.xml:329:13-44
meta-data#com.google.android.gms.version
ADDED from src\main\AndroidManifest.xml:339:9-341:69
	android:value
		ADDED from src\main\AndroidManifest.xml:341:13-66
	android:name
		ADDED from src\main\AndroidManifest.xml:340:13-58
meta-data#com.google.android.maps.v2.API_KEY
ADDED from src\main\AndroidManifest.xml:342:9-344:71
	android:value
		ADDED from src\main\AndroidManifest.xml:344:13-68
	android:name
		ADDED from src\main\AndroidManifest.xml:343:13-62
receiver#com.google.android.gcm.GCMBroadcastReceiver
ADDED from src\main\AndroidManifest.xml:351:10-363:20
	android:permission
		ADDED from src\main\AndroidManifest.xml:353:13-73
	android:name
		ADDED from src\main\AndroidManifest.xml:352:13-71
intent-filter#com.chalkboard+com.google.android.c2dm.intent.RECEIVE+com.google.android.c2dm.intent.REGISTRATION
ADDED from src\main\AndroidManifest.xml:354:13-362:29
action#com.google.android.c2dm.intent.RECEIVE
ADDED from src\main\AndroidManifest.xml:357:17-81
	android:name
		ADDED from src\main\AndroidManifest.xml:357:25-78
action#com.google.android.c2dm.intent.REGISTRATION
ADDED from src\main\AndroidManifest.xml:359:17-86
	android:name
		ADDED from src\main\AndroidManifest.xml:359:25-83
category#com.chalkboard
ADDED from src\main\AndroidManifest.xml:361:17-59
	android:name
		ADDED from src\main\AndroidManifest.xml:361:27-56
service#com.chalkboard.GCMIntentService
ADDED from src\main\AndroidManifest.xml:365:9-53
	android:name
		ADDED from src\main\AndroidManifest.xml:365:18-50